<?xml version="1.0" encoding="UTF-8"?>
<!-- Generated by org.testng.reporters.JUnitXMLReporter -->
<testsuite ignored="0" hostname="Arun_pal" failures="1" tests="4" name="Test" time="35.068" errors="0" timestamp="2023-05-09T22:09:34 IST">
  <testcase classname="tpack.LoginTest" name="login" time="0.814"/>
  <testcase classname="tpack.LoginTest" name="login" time="10.767"/>
  <testcase classname="tpack.LoginTest" name="login" time="11.718"/>
  <testcase classname="tpack.LoginTest" name="login" time="34.983">
    <failure type="org.testng.internal.reflect.MethodMatcherException" message="
[public static void tpack.LoginTest.login(java.lang.String,java.lang.String,java.lang.String) throws java.io.IOException,java.lang.InterruptedException] has no parameters defined but was found to be using a data provider (either explicitly specified or inherited from class level annotation).
Data provider mismatch
Method: login([Parameter{index=0, type=java.lang.String, declaredAnnotations=[]}, Parameter{index=1, type=java.lang.String, declaredAnnotations=[]}, Parameter{index=2, type=java.lang.String, declaredAnnotations=[]}])
Arguments: [(java.lang.String) pal@gmail.com,(java.lang.Integer) 1234,(java.lang.String) Failure]">
      <![CDATA[org.testng.internal.reflect.MethodMatcherException: 
[public static void tpack.LoginTest.login(java.lang.String,java.lang.String,java.lang.String) throws java.io.IOException,java.lang.InterruptedException] has no parameters defined but was found to be using a data provider (either explicitly specified or inherited from class level annotation).
Data provider mismatch
Method: login([Parameter{index=0, type=java.lang.String, declaredAnnotations=[]}, Parameter{index=1, type=java.lang.String, declaredAnnotations=[]}, Parameter{index=2, type=java.lang.String, declaredAnnotations=[]}])
Arguments: [(java.lang.String) pal@gmail.com,(java.lang.Integer) 1234,(java.lang.String) Failure]
at java.base/java.util.ArrayList.forEach(ArrayList.java:1511)
at java.base/java.util.concurrent.FutureTask.run(FutureTask.java:264)
at java.base/java.util.concurrent.ThreadPoolExecutor.runWorker(ThreadPoolExecutor.java:1136)
at java.base/java.util.concurrent.ThreadPoolExecutor$Worker.run(ThreadPoolExecutor.java:635)
at java.base/java.lang.Thread.run(Thread.java:833)
... Removed 13 stack frames]]>
    </failure>
  </testcase> <!-- login -->
</testsuite> <!-- Test -->
