<?xml version="1.0" encoding="UTF-8"?>
<!-- Generated by org.testng.reporters.JUnitXMLReporter -->
<testsuite ignored="0" hostname="DESKTOP-6B3H2H8" failures="1" tests="14" name="Test" time="86.523" errors="0" timestamp="2023-04-30T00:33:43 IST">
  <testcase classname="tpack.RegisterAccountTest" name="registerAccount" time="2.289"/>
  <testcase classname="tpack.RegisterAccountTest" name="registerAccount" time="2.165">
    <failure type="java.lang.AssertionError" message="expected [Failure] but found [Successfull]">
      <![CDATA[java.lang.AssertionError: expected [Failure] but found [Successfull]
at tpack.RegisterAccountTest.registerAccount(RegisterAccountTest.java:76)
at java.base/java.util.ArrayList.forEach(ArrayList.java:1511)
at java.base/java.util.concurrent.FutureTask.run(FutureTask.java:264)
at java.base/java.util.concurrent.ThreadPoolExecutor.runWorker(ThreadPoolExecutor.java:1136)
at java.base/java.util.concurrent.ThreadPoolExecutor$Worker.run(ThreadPoolExecutor.java:635)
at java.base/java.lang.Thread.run(Thread.java:833)
... Removed 23 stack frames]]>
    </failure>
  </testcase> <!-- registerAccount -->
  <testcase classname="tpack.LoginTest" name="login" time="1.235"/>
  <testcase classname="tpack.LoginTest" name="login" time="10.819"/>
  <testcase classname="tpack.BookAnItemTest" name="bookingPhone" time="19.63"/>
  <testcase classname="io.cucumber.testng.AbstractTestNGCucumberTests" name="runScenario" time="3.869"/>
  <testcase classname="io.cucumber.testng.AbstractTestNGCucumberTests" name="runScenario" time="3.251"/>
  <testcase classname="io.cucumber.testng.AbstractTestNGCucumberTests" name="runScenario" time="2.935"/>
  <testcase classname="io.cucumber.testng.AbstractTestNGCucumberTests" name="runScenario" time="3.143"/>
  <testcase classname="io.cucumber.testng.AbstractTestNGCucumberTests" name="runScenario" time="3.02"/>
  <testcase classname="io.cucumber.testng.AbstractTestNGCucumberTests" name="runScenario" time="4.548"/>
  <testcase classname="io.cucumber.testng.AbstractTestNGCucumberTests" name="runScenario" time="3.445"/>
  <testcase classname="io.cucumber.testng.AbstractTestNGCucumberTests" name="runScenario" time="3.577"/>
  <testcase classname="io.cucumber.testng.AbstractTestNGCucumberTests" name="runScenario" time="3.654"/>
</testsuite> <!-- Test -->
