<?xml version="1.0" encoding="UTF-8"?>
<testng-results ignored="0" total="5" passed="4" failed="1" skipped="0">
  <reporter-output>
  </reporter-output>
  <suite started-at="2023-04-28T22:57:18 IST" name="Surefire suite" finished-at="2023-04-28T22:58:24 IST" duration-ms="65598">
    <groups>
    </groups>
    <test started-at="2023-04-28T22:57:18 IST" name="Surefire test" finished-at="2023-04-28T22:58:24 IST" duration-ms="65598">
      <class name="tpack.RegisterAccountTest">
        <test-method is-config="true" signature="OpenApplication()[pri:0, instance:tpack.RegisterAccountTest@15c43bd9]" started-at="2023-04-28T22:58:07 IST" name="OpenApplication" finished-at="2023-04-28T22:58:12 IST" duration-ms="4612" status="PASS">
          <reporter-output>
          </reporter-output>
        </test-method> <!-- OpenApplication -->
        <test-method signature="registerAccount(java.lang.String,java.lang.String,java.lang.String,java.lang.String,java.lang.String,java.lang.String)[pri:0, instance:tpack.RegisterAccountTest@15c43bd9]" started-at="2023-04-28T22:58:12 IST" name="registerAccount" data-provider="registerAccountData" finished-at="2023-04-28T22:58:13 IST" duration-ms="1892" status="PASS">
          <params>
            <param index="0">
              <value>
                <![CDATA[navi]]>
              </value>
            </param>
            <param index="1">
              <value>
                <![CDATA[pal]]>
              </value>
            </param>
            <param index="2">
              <value>
                <![CDATA[navipa65@gmail.com]]>
              </value>
            </param>
            <param index="3">
              <value>
                <![CDATA[123456]]>
              </value>
            </param>
            <param index="4">
              <value>
                <![CDATA[n1234]]>
              </value>
            </param>
            <param index="5">
              <value>
                <![CDATA[Successfull]]>
              </value>
            </param>
          </params>
          <reporter-output>
          </reporter-output>
        </test-method> <!-- registerAccount -->
        <test-method is-config="true" signature="closeBrowser()[pri:0, instance:tpack.RegisterAccountTest@15c43bd9]" started-at="2023-04-28T22:58:13 IST" name="closeBrowser" finished-at="2023-04-28T22:58:14 IST" duration-ms="58" status="PASS">
          <reporter-output>
          </reporter-output>
        </test-method> <!-- closeBrowser -->
        <test-method is-config="true" signature="OpenApplication()[pri:0, instance:tpack.RegisterAccountTest@15c43bd9]" started-at="2023-04-28T22:58:14 IST" name="OpenApplication" finished-at="2023-04-28T22:58:20 IST" duration-ms="6240" status="PASS">
          <reporter-output>
          </reporter-output>
        </test-method> <!-- OpenApplication -->
        <test-method signature="registerAccount(java.lang.String,java.lang.String,java.lang.String,java.lang.String,java.lang.String,java.lang.String)[pri:0, instance:tpack.RegisterAccountTest@15c43bd9]" started-at="2023-04-28T22:58:20 IST" name="registerAccount" data-provider="registerAccountData" finished-at="2023-04-28T22:58:24 IST" duration-ms="4193" status="FAIL">
          <params>
            <param index="0">
              <value>
                <![CDATA[navi]]>
              </value>
            </param>
            <param index="1">
              <value>
                <![CDATA[pal]]>
              </value>
            </param>
            <param index="2">
              <value>
                <![CDATA[navi@gmail.com]]>
              </value>
            </param>
            <param index="3">
              <value>
                <![CDATA[123456]]>
              </value>
            </param>
            <param index="4">
              <value>
                <![CDATA[n1234]]>
              </value>
            </param>
            <param index="5">
              <value>
                <![CDATA[Failure]]>
              </value>
            </param>
          </params>
          <exception class="java.lang.AssertionError">
            <message>
              <![CDATA[expected [Failure] but found [Successfull]]]>
            </message>
            <full-stacktrace>
              <![CDATA[java.lang.AssertionError: expected [Failure] but found [Successfull]
at org.testng.Assert.fail(Assert.java:110)
at org.testng.Assert.failNotEquals(Assert.java:1577)
at org.testng.Assert.assertEqualsImpl(Assert.java:149)
at org.testng.Assert.assertEquals(Assert.java:131)
at org.testng.Assert.assertEquals(Assert.java:655)
at org.testng.Assert.assertEquals(Assert.java:665)
at tpack.RegisterAccountTest.registerAccount(RegisterAccountTest.java:76)
at java.base/jdk.internal.reflect.NativeMethodAccessorImpl.invoke0(Native Method)
at java.base/jdk.internal.reflect.NativeMethodAccessorImpl.invoke(NativeMethodAccessorImpl.java:77)
at java.base/jdk.internal.reflect.DelegatingMethodAccessorImpl.invoke(DelegatingMethodAccessorImpl.java:43)
at java.base/java.lang.reflect.Method.invoke(Method.java:568)
at org.testng.internal.invokers.MethodInvocationHelper.invokeMethod(MethodInvocationHelper.java:139)
at org.testng.internal.invokers.TestInvoker.invokeMethod(TestInvoker.java:677)
at org.testng.internal.invokers.TestInvoker.invokeTestMethod(TestInvoker.java:221)
at org.testng.internal.invokers.MethodRunner.runInSequence(MethodRunner.java:50)
at org.testng.internal.invokers.TestInvoker$MethodInvocationAgent.invoke(TestInvoker.java:969)
at org.testng.internal.invokers.TestInvoker.invokeTestMethods(TestInvoker.java:194)
at org.testng.internal.invokers.TestMethodWorker.invokeTestMethods(TestMethodWorker.java:148)
at org.testng.internal.invokers.TestMethodWorker.run(TestMethodWorker.java:128)
at java.base/java.util.ArrayList.forEach(ArrayList.java:1511)
at org.testng.TestRunner.privateRun(TestRunner.java:829)
at org.testng.TestRunner.run(TestRunner.java:602)
at org.testng.SuiteRunner.runTest(SuiteRunner.java:437)
at org.testng.SuiteRunner.runSequentially(SuiteRunner.java:431)
at org.testng.SuiteRunner.privateRun(SuiteRunner.java:391)
at org.testng.SuiteRunner.run(SuiteRunner.java:330)
at org.testng.SuiteRunnerWorker.runSuite(SuiteRunnerWorker.java:52)
at org.testng.SuiteRunnerWorker.run(SuiteRunnerWorker.java:95)
at org.testng.TestNG.runSuitesSequentially(TestNG.java:1256)
at org.testng.TestNG.runSuitesLocally(TestNG.java:1176)
at org.testng.TestNG.runSuites(TestNG.java:1099)
at org.testng.TestNG.run(TestNG.java:1067)
at org.apache.maven.surefire.testng.TestNGExecutor.run(TestNGExecutor.java:155)
at org.apache.maven.surefire.testng.TestNGDirectoryTestSuite.executeMulti(TestNGDirectoryTestSuite.java:169)
at org.apache.maven.surefire.testng.TestNGDirectoryTestSuite.execute(TestNGDirectoryTestSuite.java:88)
at org.apache.maven.surefire.testng.TestNGProvider.invoke(TestNGProvider.java:137)
at org.apache.maven.surefire.booter.ForkedBooter.runSuitesInProcess(ForkedBooter.java:385)
at org.apache.maven.surefire.booter.ForkedBooter.execute(ForkedBooter.java:162)
at org.apache.maven.surefire.booter.ForkedBooter.run(ForkedBooter.java:507)
at org.apache.maven.surefire.booter.ForkedBooter.main(ForkedBooter.java:495)
]]>
            </full-stacktrace>
          </exception> <!-- java.lang.AssertionError -->
          <reporter-output>
          </reporter-output>
        </test-method> <!-- registerAccount -->
        <test-method is-config="true" signature="closeBrowser()[pri:0, instance:tpack.RegisterAccountTest@15c43bd9]" started-at="2023-04-28T22:58:24 IST" name="closeBrowser" finished-at="2023-04-28T22:58:24 IST" duration-ms="84" status="PASS">
          <reporter-output>
          </reporter-output>
        </test-method> <!-- closeBrowser -->
      </class> <!-- tpack.RegisterAccountTest -->
      <class name="tpack.BookAnItemTest">
        <test-method is-config="true" signature="OpenApplication()[pri:0, instance:tpack.BookAnItemTest@4b5d6a01]" started-at="2023-04-28T22:57:18 IST" name="OpenApplication" finished-at="2023-04-28T22:57:23 IST" duration-ms="4684" status="PASS">
          <reporter-output>
          </reporter-output>
        </test-method> <!-- OpenApplication -->
        <test-method signature="bookingPhone()[pri:0, instance:tpack.BookAnItemTest@4b5d6a01]" started-at="2023-04-28T22:57:23 IST" name="bookingPhone" finished-at="2023-04-28T22:57:43 IST" duration-ms="20283" status="PASS">
          <reporter-output>
          </reporter-output>
        </test-method> <!-- bookingPhone -->
        <test-method is-config="true" signature="close()[pri:0, instance:tpack.BookAnItemTest@4b5d6a01]" started-at="2023-04-28T22:57:43 IST" name="close" finished-at="2023-04-28T22:57:44 IST" duration-ms="77" status="PASS">
          <reporter-output>
          </reporter-output>
        </test-method> <!-- close -->
      </class> <!-- tpack.BookAnItemTest -->
      <class name="tpack.LoginTest">
        <test-method is-config="true" signature="OpenApplication()[pri:0, instance:tpack.LoginTest@41e36e46]" started-at="2023-04-28T22:57:44 IST" name="OpenApplication" finished-at="2023-04-28T22:57:50 IST" duration-ms="6059" status="PASS">
          <reporter-output>
          </reporter-output>
        </test-method> <!-- OpenApplication -->
        <test-method signature="login(java.lang.String,java.lang.String,java.lang.String)[pri:0, instance:tpack.LoginTest@41e36e46]" started-at="2023-04-28T22:57:50 IST" name="login" data-provider="loginData" finished-at="2023-04-28T22:57:52 IST" duration-ms="2288" status="PASS">
          <params>
            <param index="0">
              <value>
                <![CDATA[navi@gmail.com]]>
              </value>
            </param>
            <param index="1">
              <value>
                <![CDATA[n1234]]>
              </value>
            </param>
            <param index="2">
              <value>
                <![CDATA[Successfull]]>
              </value>
            </param>
          </params>
          <reporter-output>
          </reporter-output>
        </test-method> <!-- login -->
        <test-method is-config="true" signature="closeBrowse()[pri:0, instance:tpack.LoginTest@41e36e46]" started-at="2023-04-28T22:57:52 IST" name="closeBrowse" finished-at="2023-04-28T22:57:52 IST" duration-ms="56" status="PASS">
          <reporter-output>
          </reporter-output>
        </test-method> <!-- closeBrowse -->
        <test-method is-config="true" signature="OpenApplication()[pri:0, instance:tpack.LoginTest@41e36e46]" started-at="2023-04-28T22:57:52 IST" name="OpenApplication" finished-at="2023-04-28T22:57:56 IST" duration-ms="4022" status="PASS">
          <reporter-output>
          </reporter-output>
        </test-method> <!-- OpenApplication -->
        <test-method signature="login(java.lang.String,java.lang.String,java.lang.String)[pri:0, instance:tpack.LoginTest@41e36e46]" started-at="2023-04-28T22:57:56 IST" name="login" data-provider="loginData" finished-at="2023-04-28T22:58:07 IST" duration-ms="10938" status="PASS">
          <params>
            <param index="0">
              <value>
                <![CDATA[navi@gmail.com]]>
              </value>
            </param>
            <param index="1">
              <value>
                <![CDATA[n34]]>
              </value>
            </param>
            <param index="2">
              <value>
                <![CDATA[Failure]]>
              </value>
            </param>
          </params>
          <reporter-output>
          </reporter-output>
        </test-method> <!-- login -->
        <test-method is-config="true" signature="closeBrowse()[pri:0, instance:tpack.LoginTest@41e36e46]" started-at="2023-04-28T22:58:07 IST" name="closeBrowse" finished-at="2023-04-28T22:58:07 IST" duration-ms="63" status="PASS">
          <reporter-output>
          </reporter-output>
        </test-method> <!-- closeBrowse -->
      </class> <!-- tpack.LoginTest -->
    </test> <!-- Surefire test -->
  </suite> <!-- Surefire suite -->
</testng-results>
