<?xml version="1.0" encoding="UTF-8"?>
<testng-results ignored="0" total="1" passed="1" failed="0" skipped="0">
  <reporter-output>
  </reporter-output>
  <suite started-at="2023-05-01T16:12:26 IST" name="Default suite" finished-at="2023-05-01T16:12:33 IST" duration-ms="6204">
    <groups>
      <group name="cucumber">
        <method signature="AbstractTestNGCucumberTests.runScenario(io.cucumber.testng.PickleWrapper,io.cucumber.testng.FeatureWrapper)[pri:0, instance:runner.Runner@765d7657]" name="runScenario" class="io.cucumber.testng.AbstractTestNGCucumberTests"/>
      </group> <!-- cucumber -->
    </groups>
    <test started-at="2023-05-01T16:12:26 IST" name="Default test" finished-at="2023-05-01T16:12:33 IST" duration-ms="6204">
      <class name="runner.Runner">
        <test-method is-config="true" signature="setUpClass(org.testng.ITestContext)[pri:0, instance:runner.Runner@765d7657]" started-at="2023-05-01T16:12:26 IST" name="setUpClass" finished-at="2023-05-01T16:12:27 IST" duration-ms="528" status="PASS">
          <params>
            <param index="0">
              <value>
                <![CDATA[org.testng.TestRunner@98637a2]]>
              </value>
            </param>
          </params>
          <reporter-output>
          </reporter-output>
        </test-method> <!-- setUpClass -->
        <test-method signature="runScenario(io.cucumber.testng.PickleWrapper,io.cucumber.testng.FeatureWrapper)[pri:0, instance:runner.Runner@765d7657]" started-at="2023-05-01T16:12:27 IST" name="runScenario" description="Runs Cucumber Scenarios" data-provider="scenarios" finished-at="2023-05-01T16:12:32 IST" duration-ms="5310" status="PASS">
          <params>
            <param index="0">
              <value>
                <![CDATA["Validate login and logout"]]>
              </value>
            </param>
            <param index="1">
              <value>
                <![CDATA["Application logOut"]]>
              </value>
            </param>
          </params>
          <reporter-output>
          </reporter-output>
        </test-method> <!-- runScenario -->
        <test-method is-config="true" signature="tearDownClass()[pri:0, instance:runner.Runner@765d7657]" started-at="2023-05-01T16:12:32 IST" name="tearDownClass" finished-at="2023-05-01T16:12:33 IST" duration-ms="330" status="PASS">
          <reporter-output>
          </reporter-output>
        </test-method> <!-- tearDownClass -->
      </class> <!-- runner.Runner -->
    </test> <!-- Default test -->
  </suite> <!-- Default suite -->
</testng-results>
